Start testing: Apr 26 23:13 ?D1¨²¡À¨º¡Á?¨º¡À??
----------------------------------------------------------
6/6 Testing: icmp_test
6/6 Test: icmp_test
Command: "D:/ProgrammingMonkey/comp-network/net-lab/build/icmp_test.exe" "D:/ProgrammingMonkey/comp-network/net-lab/testing/data/icmp_test"
Directory: D:/ProgrammingMonkey/comp-network/net-lab/build
"icmp_test" start time: Apr 26 23:13 ?D1¨²¡À¨º¡Á?¨º¡À??
Output:
----------------------------------------------------------
[0;34mTest begin.
[0;34mFeeding input 01010203040506070809101112131415[0;34m
Sample input all processed, checking output
[0;34mChecking log file(compare with demo).
[0;31mRound 1: differences found(Line 3 of the current round)
[0;32mRound 2: no differences
[0;32mRound 3: no differences
[0;32mRound 4: no differences
[0;32mRound 5: no differences
[0;32mRound 6: no differences
[0;32mRound 7: no differences
[0;31mRound 8: differences found(Line 4 of the current round)
[0;32mRound 9: no differences
[0;32mRound 10: no differences
[0;32mRound 11: no differences
[0;32mRound 12: no differences
[0;32mRound 13: no differences
[0;32mRound 14: no differences
[0;32mRound 15: no differences
[1;31m====> Some log rounds are different to the demo.
[0m[0;34mChecking pcap output file(compare with demo).
[0;32mPacket 1: no differences
[0;32mPacket 2: no differences
[0;31mPacket 3: differences found
[0;31mPacket 4: differences found
[0;31mPacket 5: differences found
[0;31mPacket 6: differences found
[0;31mPacket 7: differences found
[0;31mPacket 8: differences found
[0;31mPacket 9: differences found
[0;31mPacket 10: differences found
[0;31mPacket 11: differences found
[0;31mPacket 12: differences found
[0;31mPacket 13: differences found
[1;31m====> Some packets are different to the demo.
[0m[1;33mFor this test, log is only a reference. Your implementation is OK if your pcap file is the same to the demo pcap file.
[0m
<end of output>
Test time =   0.14 sec
----------------------------------------------------------
Test Failed.
"icmp_test" end time: Apr 26 23:13 ?D1¨²¡À¨º¡Á?¨º¡À??
"icmp_test" time elapsed: 00:00:00
----------------------------------------------------------

End testing: Apr 26 23:13 ?D1¨²¡À¨º¡Á?¨º¡À??
